<?xml version="1.0" encoding="UTF-8"?>
<testsuite name="com.otusai.common.SerializationTest" tests="2" skipped="0" failures="0" errors="0" timestamp="2026-07-20T19:41:46" hostname="LAPTOP-8J671JD9" time="0.118">
  <properties/>
  <testcase name="testAnswersRequestSerialization()" classname="com.otusai.common.SerializationTest" time="0.102"/>
  <testcase name="testQuestionSerialization()" classname="com.otusai.common.SerializationTest" time="0.015"/>
  <system-out><![CDATA[]]></system-out>
  <system-err><![CDATA[]]></system-err>
</testsuite>
